#
# A fatal error has been detected by the Java Runtime Environment:
#
#  SIGSEGV (0xb) at pc=0x0000000102dd2658, pid=61220, tid=8975
#
# JRE version: Java(TM) SE Runtime Environment (8.0_20-b26) (build 1.8.0_20-b26)
# Java VM: Java HotSpot(TM) 64-Bit Server VM (25.20-b23 mixed mode bsd-amd64 compressed oops)
# Problematic frame:
# V  [libjvm.dylib+0x45a658]
#
# Failed to write core dump. Core dumps have been disabled. To enable core dumping, try "ulimit -c unlimited" before starting Java again
#
# If you would like to submit a bug report, please visit:
#   http://bugreport.sun.com/bugreport/crash.jsp
#

---------------  T H R E A D  ---------------

Current thread is native thread

siginfo: si_signo: 11 (SIGSEGV), si_code: 1 (SEGV_MAPERR), si_addr: 0x0000000000000118

Registers:
RAX=0x0000000000000000, RBX=0x00007fff5d3b54c0, RCX=0x00007fff5d3b5458, RDX=0x00007fff5d3b54c0
RSP=0x00007fff5d3b4ff0, RBP=0x00007fff5d3b5020, RSI=0x00007fff5d3b5458, RDI=0x0000000000000102
R8 =0x00007fff5d3b54c0, R9 =0x00000000ffffffff, R10=0x0000000000000c00, R11=0x0000000000000206
R12=0x0000000000000c00, R13=0x0000000000000000, R14=0x00007fff5d3b5458, R15=0x0000000000000002
RIP=0x0000000102dd2658, EFLAGS=0x0000000000010206, ERR=0x0000000000000004
  TRAPNO=0x000000000000000e

Top of Stack: (sp=0x00007fff5d3b4ff0)
0x00007fff5d3b4ff0:   00007fff8a3ae000 00007fff5d3b54c0
0x00007fff5d3b5000:   0000000000000c00 0000000000000000
0x00007fff5d3b5010:   00007fff5d3b56e0 0000000000001107
0x00007fff5d3b5020:   00007fff5d3b5030 00007fff944f8f1a
0x00007fff5d3b5030:   00007fff5d3b55c0 0000000102866400
0x00007fff5d3b5040:   00007fff5d3b5130 00007fff96325289
0x00007fff5d3b5050:   0100001f00000085 0000000102f167ca
0x00007fff5d3b5060:   0000000010004005 00000000ffffffff
0x00007fff5d3b5070:   00007fff5d3b5578 0000000000000000
0x00007fff5d3b5080:   00007fff5d3b56e0 0000000007000806
0x00007fff5d3b5090:   00007fff5d3b55c0 00007fff5d3b5578
0x00007fff5d3b50a0:   0000000000001107 00000000ffffffff
0x00007fff5d3b50b0:   0000000000000c00 0000000000000206
0x00007fff5d3b50c0:   0000000000000c00 0000000000000000
0x00007fff5d3b50d0:   00007fff5d3b56e0 0000000000001107
0x00007fff5d3b50e0:   00007fff956a552e 0000000000000206
0x00007fff5d3b50f0:   0000000000000007 0000000000000000
0x00007fff5d3b5100:   0000000000000000 0000000000000000
0x00007fff5d3b5110:   000000000000037f 0000000000000000
0x00007fff5d3b5120:   0000000000000000 0000ffff00001fa0
0x00007fff5d3b5130:   d600000000000000 000000000000ffff
0x00007fff5d3b5140:   cd2e603d980f6800 000000000000400b
0x00007fff5d3b5150:   eaf6603d980f6800 000000000000400b
0x00007fff5d3b5160:   eaf6603d980f6800 000000000000400b
0x00007fff5d3b5170:   eaf6603d980f6800 0000000000004009
0x00007fff5d3b5180:   0000000000000000 0000000000000000
0x00007fff5d3b5190:   eaf6603d980f6800 000000000000400b
0x00007fff5d3b51a0:   eaf6603d980f6800 000000000000400a
0x00007fff5d3b51b0:   41ba30121cb917b5 0000000000000000
0x00007fff5d3b51c0:   41ba30121c000000 0000000000000000
0x00007fff5d3b51d0:   c3de3f85b28f333f 439c07a4d70ccc0d
0x00007fff5d3b51e0:   0000000000000000 0000000000000000 

Instructions: (pc=0x0000000102dd2658)
0x0000000102dd2638:   83 ec 08 48 89 d3 49 89 f6 e8 b4 51 13 00 44 8b
0x0000000102dd2648:   38 48 8d 05 70 ef 38 00 48 63 38 e8 6c 54 13 00
0x0000000102dd2658:   4c 8b a0 18 01 00 00 41 83 7c 24 34 01 0f 85 e2
0x0000000102dd2668:   00 00 00 49 89 5c 24 40 4d 89 74 24 38 49 8d 5c 

Register to memory mapping:

RAX=0x0000000000000000 is an unknown value
RBX=0x00007fff5d3b54c0 is an unknown value
RCX=0x00007fff5d3b5458 is an unknown value
RDX=0x00007fff5d3b54c0 is an unknown value
RSP=0x00007fff5d3b4ff0 is an unknown value
RBP=0x00007fff5d3b5020 is an unknown value
RSI=0x00007fff5d3b5458 is an unknown value
RDI=0x0000000000000102 is an unknown value
R8 =0x00007fff5d3b54c0 is an unknown value
R9 =0x00000000ffffffff is an unknown value
R10=0x0000000000000c00 is an unknown value
R11=0x0000000000000206 is an unknown value
R12=0x0000000000000c00 is an unknown value
R13=0x0000000000000000 is an unknown value
R14=0x00007fff5d3b5458 is an unknown value
R15=0x0000000000000002 is an unknown value


Stack: [0x00007fff5cbb8000,0x00007fff5d3b8000],  sp=0x00007fff5d3b4ff0,  free space=8179k
Native frames: (J=compiled Java code, j=interpreted, Vv=VM code, C=native code)
V  [libjvm.dylib+0x45a658]
C  [libsystem_platform.dylib+0x4f1a]  _sigtramp+0x1a
C  0x0000000102866400
C  [CoreFoundation+0x72b14]  __CFRunLoopServiceMachPort+0xd4
C  [CoreFoundation+0x71fdb]  __CFRunLoopRun+0x55b
C  [CoreFoundation+0x71838]  CFRunLoopRunSpecific+0x128
C  [java+0x56cc]  CreateExecutionEnvironment+0x367
C  [java+0x165c]  JLI_Launch+0x7a0
C  [java+0x768a]  main+0x65
C  [java+0xeb4]  start+0x34


---------------  P R O C E S S  ---------------

VM state:not at safepoint (normal execution)

VM Mutex/Monitor currently owned by a thread: None

Heap:
 PSYoungGen      total 38400K, used 1996K [0x0000000795580000, 0x0000000798000000, 0x00000007c0000000)
  eden space 33280K, 6% used [0x0000000795580000,0x00000007957733f0,0x0000000797600000)
  from space 5120K, 0% used [0x0000000797b00000,0x0000000797b00000,0x0000000798000000)
  to   space 5120K, 0% used [0x0000000797600000,0x0000000797600000,0x0000000797b00000)
 ParOldGen       total 87552K, used 0K [0x0000000740000000, 0x0000000745580000, 0x0000000795580000)
  object space 87552K, 0% used [0x0000000740000000,0x0000000740000000,0x0000000745580000)
 Metaspace       used 2468K, capacity 4480K, committed 4480K, reserved 1056768K
  class space    used 267K, capacity 384K, committed 384K, reserved 1048576K

Card table byte_map: [0x00000001131c9000,0x00000001135ca000] byte_map_base: 0x000000010f7c9000

Marking Bits: (ParMarkBitMap*) 0x0000000103214330
 Begin Bits: [0x0000000113a7b000, 0x0000000115a7b000)
 End Bits:   [0x0000000115a7b000, 0x0000000117a7b000)

Polling page: 0x00000001039d8000

CodeCache: size=245760Kb used=1110Kb max_used=1110Kb free=244649Kb
 bounds [0x0000000103e09000, 0x0000000104079000, 0x0000000112e09000]
 total_blobs=252 nmethods=22 adapters=147
 compilation: enabled

Compilation events (10 events):
Event: 1.594 Thread 0x00007fa064070800   18       3       java.io.DataInputStream::readShort (40 bytes)
Event: 1.595 Thread 0x00007fa064070800 nmethod 18 0x0000000103f1cad0 code [0x0000000103f1cc60, 0x0000000103f1d008]
Event: 1.595 Thread 0x00007fa064070800   19       3       java.io.DataInputStream::readFully (9 bytes)
Event: 1.595 Thread 0x00007fa064070800 nmethod 19 0x0000000103f1d150 code [0x0000000103f1d2c0, 0x0000000103f1d4e8]
Event: 1.632 Thread 0x00007fa064070800   20       3       java.util.HashMap::hash (20 bytes)
Event: 1.632 Thread 0x00007fa064070800 nmethod 20 0x0000000103f1d5d0 code [0x0000000103f1d740, 0x0000000103f1d988]
Event: 1.632 Thread 0x00007fa064070800   22       3       java.io.DataInputStream::readByte (23 bytes)
Event: 1.633 Thread 0x00007fa064070800 nmethod 22 0x0000000103f1da50 code [0x0000000103f1dbe0, 0x0000000103f1deb8]
Event: 1.633 Thread 0x00007fa064070800   21  s    3       java.io.ByteArrayInputStream::read (36 bytes)
Event: 1.633 Thread 0x00007fa064070800 nmethod 21 0x0000000103f1dfd0 code [0x0000000103f1e140, 0x0000000103f1e490]

GC Heap History (0 events):
No events

Deoptimization events (0 events):
No events

Internal exceptions (2 events):
Event: 0.081 Thread 0x00007fa064007000 Exception <a 'java/lang/NoSuchMethodError': Method sun.misc.Unsafe.defineClass(Ljava/lang/String;[BII)Ljava/lang/Class; name or signature does not match> (0x0000000795591bd0) thrown at [/HUDSON3/workspace/8-2-build-macosx-x86_64/jdk8u20/1074/hotspot/src/s
Event: 0.081 Thread 0x00007fa064007000 Exception <a 'java/lang/NoSuchMethodError': Method sun.misc.Unsafe.prefetchRead(Ljava/lang/Object;J)V name or signature does not match> (0x0000000795591e60) thrown at [/HUDSON3/workspace/8-2-build-macosx-x86_64/jdk8u20/1074/hotspot/src/share/vm/prims/jni.

Events (10 events):
Event: 1.632 loading class java/io/ByteArrayInputStream
Event: 1.632 loading class java/io/ByteArrayInputStream done
Event: 1.632 loading class sun/util/calendar/ZoneInfoFile$ZoneOffsetTransitionRule
Event: 1.632 loading class sun/util/calendar/ZoneInfoFile$ZoneOffsetTransitionRule done
Event: 1.633 loading class sun/util/calendar/ZoneInfoFile$Checksum
Event: 1.633 loading class java/util/zip/CRC32
Event: 1.633 loading class java/util/zip/Checksum
Event: 1.633 loading class java/util/zip/Checksum done
Event: 1.633 loading class java/util/zip/CRC32 done
Event: 1.633 loading class sun/util/calendar/ZoneInfoFile$Checksum done


Dynamic libraries:
0x00000000094d6000 	/System/Library/Frameworks/Cocoa.framework/Versions/A/Cocoa
0x00000000094d6000 	/System/Library/Frameworks/Security.framework/Versions/A/Security
0x00000000094d6000 	/System/Library/Frameworks/ApplicationServices.framework/Versions/A/ApplicationServices
0x00000000094d6000 	/usr/lib/libz.1.dylib
0x00000000094d6000 	/usr/lib/libSystem.B.dylib
0x00000000094d6000 	/usr/lib/libobjc.A.dylib
0x00000000094d6000 	/System/Library/Frameworks/CoreFoundation.framework/Versions/A/CoreFoundation
0x00000000094d6000 	/System/Library/Frameworks/Foundation.framework/Versions/C/Foundation
0x00000000094d6000 	/System/Library/Frameworks/AppKit.framework/Versions/C/AppKit
0x00000000094d6000 	/System/Library/Frameworks/CoreData.framework/Versions/A/CoreData
0x00000000094d6000 	/System/Library/PrivateFrameworks/RemoteViewServices.framework/Versions/A/RemoteViewServices
0x00000000094d6000 	/System/Library/PrivateFrameworks/UIFoundation.framework/Versions/A/UIFoundation
0x00000000094d6000 	/System/Library/Frameworks/IOSurface.framework/Versions/A/IOSurface
0x00000000094d6000 	/System/Library/Frameworks/AudioToolbox.framework/Versions/A/AudioToolbox
0x00000000094d6000 	/System/Library/Frameworks/AudioUnit.framework/Versions/A/AudioUnit
0x00000000094d6000 	/System/Library/PrivateFrameworks/DataDetectorsCore.framework/Versions/A/DataDetectorsCore
0x00000000094d6000 	/System/Library/PrivateFrameworks/DesktopServicesPriv.framework/Versions/A/DesktopServicesPriv
0x00000000094d6000 	/System/Library/Frameworks/Carbon.framework/Versions/A/Frameworks/HIToolbox.framework/Versions/A/HIToolbox
0x00000000094d6000 	/System/Library/Frameworks/QuartzCore.framework/Versions/A/QuartzCore
0x00000000094d6000 	/System/Library/Frameworks/Carbon.framework/Versions/A/Frameworks/SpeechRecognition.framework/Versions/A/SpeechRecognition
0x00000000094d6000 	/usr/lib/libauto.dylib
0x00000000094d6000 	/usr/lib/libicucore.A.dylib
0x00000000094d6000 	/usr/lib/libxml2.2.dylib
0x00000000094d6000 	/System/Library/PrivateFrameworks/CoreUI.framework/Versions/A/CoreUI
0x00000000094d6000 	/System/Library/Frameworks/CoreAudio.framework/Versions/A/CoreAudio
0x00000000094d6000 	/System/Library/Frameworks/DiskArbitration.framework/Versions/A/DiskArbitration
0x00000000094d6000 	/usr/lib/liblangid.dylib
0x00000000094d6000 	/System/Library/PrivateFrameworks/MultitouchSupport.framework/Versions/A/MultitouchSupport
0x00000000094d6000 	/System/Library/Frameworks/IOKit.framework/Versions/A/IOKit
0x00000000094d6000 	/usr/lib/libDiagnosticMessagesClient.dylib
0x00000000094d6000 	/System/Library/Frameworks/CoreServices.framework/Versions/A/CoreServices
0x00000000094d6000 	/System/Library/PrivateFrameworks/PerformanceAnalysis.framework/Versions/A/PerformanceAnalysis
0x00000000094d6000 	/System/Library/PrivateFrameworks/GenerationalStorage.framework/Versions/A/GenerationalStorage
0x00000000094d6000 	/System/Library/Frameworks/OpenGL.framework/Versions/A/OpenGL
0x00000000094d6000 	/System/Library/PrivateFrameworks/Sharing.framework/Versions/A/Sharing
0x00000000094d6000 	/System/Library/Frameworks/CoreGraphics.framework/Versions/A/CoreGraphics
0x00000000094d6000 	/System/Library/Frameworks/CoreText.framework/Versions/A/CoreText
0x00000000094d6000 	/System/Library/Frameworks/ImageIO.framework/Versions/A/ImageIO
0x00000000094d6000 	/usr/lib/libextension.dylib
0x00000000094d6000 	/System/Library/PrivateFrameworks/Backup.framework/Versions/A/Backup
0x00000000094d6000 	/usr/lib/libarchive.2.dylib
0x00000000094d6000 	/System/Library/Frameworks/CFNetwork.framework/Versions/A/CFNetwork
0x00000000094d6000 	/System/Library/Frameworks/SystemConfiguration.framework/Versions/A/SystemConfiguration
0x00000000094d6000 	/usr/lib/libCRFSuite.dylib
0x00000000094d6000 	/usr/lib/libc++.1.dylib
0x00000000094d6000 	/usr/lib/libc++abi.dylib
0x00000000094d6000 	/usr/lib/system/libcache.dylib
0x00000000094d6000 	/usr/lib/system/libcommonCrypto.dylib
0x00000000094d6000 	/usr/lib/system/libcompiler_rt.dylib
0x00000000094d6000 	/usr/lib/system/libcopyfile.dylib
0x00000000094d6000 	/usr/lib/system/libcorecrypto.dylib
0x00000000094d6000 	/usr/lib/system/libdispatch.dylib
0x00000000094d6000 	/usr/lib/system/libdyld.dylib
0x00000000094d6000 	/usr/lib/system/libkeymgr.dylib
0x00000000094d6000 	/usr/lib/system/liblaunch.dylib
0x00000000094d6000 	/usr/lib/system/libmacho.dylib
0x00000000094d6000 	/usr/lib/system/libquarantine.dylib
0x00000000094d6000 	/usr/lib/system/libremovefile.dylib
0x00000000094d6000 	/usr/lib/system/libsystem_asl.dylib
0x00000000094d6000 	/usr/lib/system/libsystem_blocks.dylib
0x00000000094d6000 	/usr/lib/system/libsystem_c.dylib
0x00000000094d6000 	/usr/lib/system/libsystem_configuration.dylib
0x00000000094d6000 	/usr/lib/system/libsystem_coreservices.dylib
0x00000000094d6000 	/usr/lib/system/libsystem_coretls.dylib
0x00000000094d6000 	/usr/lib/system/libsystem_dnssd.dylib
0x00000000094d6000 	/usr/lib/system/libsystem_info.dylib
0x00000000094d6000 	/usr/lib/system/libsystem_kernel.dylib
0x00000000094d6000 	/usr/lib/system/libsystem_m.dylib
0x00000000094d6000 	/usr/lib/system/libsystem_malloc.dylib
0x00000000094d6000 	/usr/lib/system/libsystem_network.dylib
0x00000000094d6000 	/usr/lib/system/libsystem_networkextension.dylib
0x00000000094d6000 	/usr/lib/system/libsystem_notify.dylib
0x00000000094d6000 	/usr/lib/system/libsystem_platform.dylib
0x00000000094d6000 	/usr/lib/system/libsystem_pthread.dylib
0x00000000094d6000 	/usr/lib/system/libsystem_sandbox.dylib
0x00000000094d6000 	/usr/lib/system/libsystem_secinit.dylib
0x00000000094d6000 	/usr/lib/system/libsystem_stats.dylib
0x00000000094d6000 	/usr/lib/system/libsystem_trace.dylib
0x00000000094d6000 	/usr/lib/system/libunc.dylib
0x00000000094d6000 	/usr/lib/system/libunwind.dylib
0x00000000094d6000 	/usr/lib/system/libxpc.dylib
0x00000000094d6000 	/usr/lib/libbz2.1.0.dylib
0x00000000094d6000 	/usr/lib/liblzma.5.dylib
0x00000000094d6000 	/usr/lib/libbsm.0.dylib
0x00000000094d6000 	/usr/lib/libsqlite3.dylib
0x00000000094d6000 	/usr/lib/system/libkxld.dylib
0x00000000094d6000 	/usr/lib/libxar.1.dylib
0x00000000094d6000 	/usr/lib/libpam.2.dylib
0x00000000094d6000 	/usr/lib/libOpenScriptingUtil.dylib
0x00000000094d6000 	/System/Library/Frameworks/CoreServices.framework/Versions/A/Frameworks/FSEvents.framework/Versions/A/FSEvents
0x00000000094d6000 	/System/Library/Frameworks/CoreServices.framework/Versions/A/Frameworks/CarbonCore.framework/Versions/A/CarbonCore
0x00000000094d6000 	/System/Library/Frameworks/CoreServices.framework/Versions/A/Frameworks/Metadata.framework/Versions/A/Metadata
0x00000000094d6000 	/System/Library/Frameworks/CoreServices.framework/Versions/A/Frameworks/OSServices.framework/Versions/A/OSServices
0x00000000094d6000 	/System/Library/Frameworks/CoreServices.framework/Versions/A/Frameworks/SearchKit.framework/Versions/A/SearchKit
0x00000000094d6000 	/System/Library/Frameworks/CoreServices.framework/Versions/A/Frameworks/AE.framework/Versions/A/AE
0x00000000094d6000 	/System/Library/Frameworks/CoreServices.framework/Versions/A/Frameworks/LaunchServices.framework/Versions/A/LaunchServices
0x00000000094d6000 	/System/Library/Frameworks/CoreServices.framework/Versions/A/Frameworks/DictionaryServices.framework/Versions/A/DictionaryServices
0x00000000094d6000 	/System/Library/Frameworks/NetFS.framework/Versions/A/NetFS
0x00000000094d6000 	/System/Library/PrivateFrameworks/NetAuth.framework/Versions/A/NetAuth
0x00000000094d6000 	/System/Library/PrivateFrameworks/login.framework/Versions/A/Frameworks/loginsupport.framework/Versions/A/loginsupport
0x00000000094d6000 	/System/Library/PrivateFrameworks/TCC.framework/Versions/A/TCC
0x00000000094d6000 	/usr/lib/libmecabra.dylib
0x00000000094d6000 	/System/Library/PrivateFrameworks/LanguageModeling.framework/Versions/A/LanguageModeling
0x00000000094d6000 	/usr/lib/libcmph.dylib
0x00000000094d6000 	/usr/lib/libiconv.2.dylib
0x00000000094d6000 	/System/Library/Frameworks/OpenDirectory.framework/Versions/A/Frameworks/CFOpenDirectory.framework/Versions/A/CFOpenDirectory
0x00000000094d6000 	/System/Library/Frameworks/ServiceManagement.framework/Versions/A/ServiceManagement
0x00000000094d6000 	/usr/lib/libxslt.1.dylib
0x00000000094d6000 	/System/Library/Frameworks/Carbon.framework/Versions/A/Frameworks/Ink.framework/Versions/A/Ink
0x00000000094d6000 	/System/Library/Frameworks/ApplicationServices.framework/Versions/A/Frameworks/ATS.framework/Versions/A/ATS
0x00000000094d6000 	/System/Library/Frameworks/ApplicationServices.framework/Versions/A/Frameworks/ColorSync.framework/Versions/A/ColorSync
0x00000000094d6000 	/System/Library/Frameworks/ApplicationServices.framework/Versions/A/Frameworks/HIServices.framework/Versions/A/HIServices
0x00000000094d6000 	/System/Library/Frameworks/ApplicationServices.framework/Versions/A/Frameworks/LangAnalysis.framework/Versions/A/LangAnalysis
0x00000000094d6000 	/System/Library/Frameworks/ApplicationServices.framework/Versions/A/Frameworks/PrintCore.framework/Versions/A/PrintCore
0x00000000094d6000 	/System/Library/Frameworks/ApplicationServices.framework/Versions/A/Frameworks/QD.framework/Versions/A/QD
0x00000000094d6000 	/System/Library/Frameworks/ApplicationServices.framework/Versions/A/Frameworks/SpeechSynthesis.framework/Versions/A/SpeechSynthesis
0x00000000094d6000 	/System/Library/Frameworks/Accelerate.framework/Versions/A/Accelerate
0x00000000094d6000 	/System/Library/Frameworks/Accelerate.framework/Versions/A/Frameworks/vImage.framework/Versions/A/vImage
0x00000000094d6000 	/System/Library/Frameworks/Accelerate.framework/Versions/A/Frameworks/vecLib.framework/Versions/A/vecLib
0x00000000094d6000 	/System/Library/Frameworks/Accelerate.framework/Versions/A/Frameworks/vecLib.framework/Versions/A/libvDSP.dylib
0x00000000094d6000 	/System/Library/Frameworks/Accelerate.framework/Versions/A/Frameworks/vecLib.framework/Versions/A/libvMisc.dylib
0x00000000094d6000 	/System/Library/Frameworks/Accelerate.framework/Versions/A/Frameworks/vecLib.framework/Versions/A/libLAPACK.dylib
0x00000000094d6000 	/System/Library/Frameworks/Accelerate.framework/Versions/A/Frameworks/vecLib.framework/Versions/A/libBLAS.dylib
0x00000000094d6000 	/System/Library/Frameworks/Accelerate.framework/Versions/A/Frameworks/vecLib.framework/Versions/A/libLinearAlgebra.dylib
0x00000000094d6000 	/System/Library/Frameworks/ApplicationServices.framework/Versions/A/Frameworks/ATS.framework/Versions/A/Resources/libFontParser.dylib
0x00000000094d6000 	/System/Library/Frameworks/ApplicationServices.framework/Versions/A/Frameworks/ATS.framework/Versions/A/Resources/libFontRegistry.dylib
0x00000000094d6000 	/System/Library/PrivateFrameworks/AppleVPA.framework/Versions/A/AppleVPA
0x00000000094d6000 	/System/Library/PrivateFrameworks/AppleJPEG.framework/Versions/A/AppleJPEG
0x00000000094d6000 	/System/Library/Frameworks/ImageIO.framework/Versions/A/Resources/libJPEG.dylib
0x00000000094d6000 	/System/Library/Frameworks/ImageIO.framework/Versions/A/Resources/libTIFF.dylib
0x00000000094d6000 	/System/Library/Frameworks/ImageIO.framework/Versions/A/Resources/libPng.dylib
0x00000000094d6000 	/System/Library/Frameworks/ImageIO.framework/Versions/A/Resources/libGIF.dylib
0x00000000094d6000 	/System/Library/Frameworks/ImageIO.framework/Versions/A/Resources/libJP2.dylib
0x00000000094d6000 	/System/Library/Frameworks/ImageIO.framework/Versions/A/Resources/libRadiance.dylib
0x00000000094d6000 	/System/Library/Frameworks/CoreVideo.framework/Versions/A/CoreVideo
0x00000000094d6000 	/System/Library/Frameworks/OpenGL.framework/Versions/A/Libraries/libGLU.dylib
0x00000000094d6000 	/System/Library/Frameworks/OpenGL.framework/Versions/A/Libraries/libGFXShared.dylib
0x00000000094d6000 	/System/Library/Frameworks/OpenGL.framework/Versions/A/Libraries/libGL.dylib
0x00000000094d6000 	/System/Library/Frameworks/OpenGL.framework/Versions/A/Libraries/libGLImage.dylib
0x00000000094d6000 	/System/Library/Frameworks/OpenGL.framework/Versions/A/Libraries/libCVMSPluginSupport.dylib
0x00000000094d6000 	/System/Library/Frameworks/OpenGL.framework/Versions/A/Libraries/libCoreVMClient.dylib
0x00000000094d6000 	/usr/lib/libcups.2.dylib
0x00000000094d6000 	/System/Library/Frameworks/Kerberos.framework/Versions/A/Kerberos
0x00000000094d6000 	/System/Library/Frameworks/GSS.framework/Versions/A/GSS
0x00000000094d6000 	/usr/lib/libresolv.9.dylib
0x00000000094d6000 	/System/Library/PrivateFrameworks/Heimdal.framework/Versions/A/Heimdal
0x00000000094d6000 	/usr/lib/libheimdal-asn1.dylib
0x00000000094d6000 	/System/Library/Frameworks/OpenDirectory.framework/Versions/A/OpenDirectory
0x00000000094d6000 	/System/Library/PrivateFrameworks/CommonAuth.framework/Versions/A/CommonAuth
0x00000000094d6000 	/System/Library/Frameworks/SecurityFoundation.framework/Versions/A/SecurityFoundation
0x00000000094d6000 	/System/Library/Frameworks/QuartzCore.framework/Versions/A/Frameworks/CoreImage.framework/Versions/A/CoreImage
0x00000000094d6000 	/System/Library/PrivateFrameworks/CrashReporterSupport.framework/Versions/A/CrashReporterSupport
0x00000000094d6000 	/System/Library/Frameworks/OpenCL.framework/Versions/A/OpenCL
0x00000000094d6000 	/System/Library/PrivateFrameworks/FaceCore.framework/Versions/A/FaceCore
0x00000000094d6000 	/System/Library/PrivateFrameworks/Ubiquity.framework/Versions/A/Ubiquity
0x00000000094d6000 	/System/Library/PrivateFrameworks/IconServices.framework/Versions/A/IconServices
0x00000000094d6000 	/System/Library/PrivateFrameworks/ChunkingLibrary.framework/Versions/A/ChunkingLibrary
0x00000000094d6000 	/System/Library/PrivateFrameworks/Apple80211.framework/Versions/A/Apple80211
0x00000000094d6000 	/System/Library/Frameworks/CoreWLAN.framework/Versions/A/CoreWLAN
0x00000000094d6000 	/System/Library/Frameworks/IOBluetooth.framework/Versions/A/IOBluetooth
0x00000000094d6000 	/System/Library/PrivateFrameworks/CoreWiFi.framework/Versions/A/CoreWiFi
0x00000000094d6000 	/System/Library/Frameworks/CoreBluetooth.framework/Versions/A/CoreBluetooth
0x00000000094d6000 	/System/Library/PrivateFrameworks/DebugSymbols.framework/Versions/A/DebugSymbols
0x00000000094d6000 	/System/Library/PrivateFrameworks/CoreSymbolication.framework/Versions/A/CoreSymbolication
0x00000000094d6000 	/System/Library/PrivateFrameworks/Symbolication.framework/Versions/A/Symbolication
0x00000000094d6000 	/System/Library/PrivateFrameworks/SpeechRecognitionCore.framework/Versions/A/SpeechRecognitionCore
0x0000000102978000 	/Library/Java/JavaVirtualMachines/jdk1.8.0_20.jdk/Contents/Home/jre/lib/server/libjvm.dylib
0x00000000094d6000 	/usr/lib/libstdc++.6.dylib
0x0000000103996000 	/Library/Java/JavaVirtualMachines/jdk1.8.0_20.jdk/Contents/Home/jre/lib/libverify.dylib
0x00000001039a4000 	/Library/Java/JavaVirtualMachines/jdk1.8.0_20.jdk/Contents/Home/jre/lib/libjava.dylib
0x0000000103e00000 	/Library/Java/JavaVirtualMachines/jdk1.8.0_20.jdk/Contents/Home/jre/lib/libzip.dylib
0x000000011960f000 	/System/Library/Frameworks/JavaVM.framework/Frameworks/JavaRuntimeSupport.framework/JavaRuntimeSupport
0x0000000119627000 	/System/Library/Frameworks/JavaVM.framework/Versions/A/Frameworks/JavaNativeFoundation.framework/Versions/A/JavaNativeFoundation
0x000000011963c000 	/System/Library/Frameworks/JavaVM.framework/Versions/A/JavaVM
0x00000000094d6000 	/System/Library/Frameworks/Carbon.framework/Versions/A/Carbon
0x0000000119649000 	/System/Library/PrivateFrameworks/JavaLaunching.framework/Versions/A/JavaLaunching
0x00000000094d6000 	/System/Library/Frameworks/Carbon.framework/Versions/A/Frameworks/CommonPanels.framework/Versions/A/CommonPanels
0x00000000094d6000 	/System/Library/Frameworks/Carbon.framework/Versions/A/Frameworks/Help.framework/Versions/A/Help
0x00000000094d6000 	/System/Library/Frameworks/Carbon.framework/Versions/A/Frameworks/ImageCapture.framework/Versions/A/ImageCapture
0x00000000094d6000 	/System/Library/Frameworks/Carbon.framework/Versions/A/Frameworks/OpenScripting.framework/Versions/A/OpenScripting
0x00000000094d6000 	/System/Library/Frameworks/Carbon.framework/Versions/A/Frameworks/Print.framework/Versions/A/Print
0x00000000094d6000 	/System/Library/Frameworks/Carbon.framework/Versions/A/Frameworks/SecurityHI.framework/Versions/A/SecurityHI

VM Arguments:
java_command: ./htmltolatex-1.0.1/htmltolatex.jar -config ./htmltolatex-1.0.1/config.xml -input app/templates/html2latex_tmp/Governance_id547fc073b4b6f00000691589_r116.html -output app/templates/html2latex_tmp/Governance_id547fc073b4b6f00000691589_r116.tex
java_class_path (initial): ./htmltolatex-1.0.1/htmltolatex.jar
Launcher Type: SUN_STANDARD

Environment Variables:
PATH=/usr/local/bin:/usr/bin:/bin:/usr/sbin:/sbin:/opt/X11/bin:/usr/texbin
SHELL=/usr/local/bin/fish
DISPLAY=/private/tmp/com.apple.launchd.TtBujO3Is6/org.macosforge.xquartz:0

Signal Handlers:
SIGSEGV: [libjvm.dylib+0x578fd7], sa_mask[0]=11111111011111110111111111111111, sa_flags=SA_ONSTACK|SA_RESTART|SA_SIGINFO
SIGBUS: [libjvm.dylib+0x578fd7], sa_mask[0]=11111111011111110111111111111111, sa_flags=SA_RESTART|SA_SIGINFO
SIGFPE: [libjvm.dylib+0x45ab0c], sa_mask[0]=11111111011111110111111111111111, sa_flags=SA_RESTART|SA_SIGINFO
SIGPIPE: [libjvm.dylib+0x45ab0c], sa_mask[0]=11111111011111110111111111111111, sa_flags=SA_RESTART|SA_SIGINFO
SIGXFSZ: [libjvm.dylib+0x45ab0c], sa_mask[0]=11111111011111110111111111111111, sa_flags=SA_RESTART|SA_SIGINFO
SIGILL: [libjvm.dylib+0x45ab0c], sa_mask[0]=11111111011111110111111111111111, sa_flags=SA_RESTART|SA_SIGINFO
SIGUSR1: SIG_DFL, sa_mask[0]=11111111011111110111111111111111, sa_flags=none
SIGUSR2: [libjvm.dylib+0x45a62a], sa_mask[0]=00100000000000000000000000000000, sa_flags=SA_RESTART|SA_SIGINFO
SIGHUP: [libjvm.dylib+0x458bfd], sa_mask[0]=11111111011111110111111111111111, sa_flags=SA_RESTART|SA_SIGINFO
SIGINT: [libjvm.dylib+0x458bfd], sa_mask[0]=11111111011111110111111111111111, sa_flags=SA_RESTART|SA_SIGINFO
SIGTERM: [libjvm.dylib+0x458bfd], sa_mask[0]=11111111011111110111111111111111, sa_flags=SA_RESTART|SA_SIGINFO
SIGQUIT: [libjvm.dylib+0x458bfd], sa_mask[0]=11111111011111110111111111111111, sa_flags=SA_RESTART|SA_SIGINFO


---------------  S Y S T E M  ---------------

OS:Bsduname:Darwin 14.0.0 Darwin Kernel Version 14.0.0: Fri Sep 19 00:26:44 PDT 2014; root:xnu-2782.1.97~2/RELEASE_X86_64 x86_64
rlimit: STACK 8192k, CORE 0k, NPROC 709, NOFILE 10240, AS infinity
load average:19.29 14.80 9.16

CPU:total 2 (2 cores per cpu, 1 threads per core) family 6 model 23 stepping 10, cmov, cx8, fxsr, mmx, sse, sse2, sse3, ssse3, sse4.1, tsc

Memory: 4k page, physical 8388608k(961952k free)

/proc/meminfo:


vm_info: Java HotSpot(TM) 64-Bit Server VM (25.20-b23) for bsd-amd64 JRE (1.8.0_20-b26), built on Jul 30 2014 13:37:47 by "java_re" with gcc 4.2.1 (Based on Apple Inc. build 5658) (LLVM build 2336.9.00)

time: Wed Dec  3 22:53:02 2014
elapsed time: 1 seconds (0d 0h 0m 1s)

